<?xml version="1.0" encoding="UTF-8"?>
<testsuite name="com.app.service.impl.ProfileServiceImplTest" tests="1" skipped="0" failures="0" errors="0" timestamp="2022-03-31T06:23:49" hostname="BSPC077" time="1.045">
  <properties/>
  <testcase name="test_Get_Profile()" classname="com.app.service.impl.ProfileServiceImplTest" time="1.045"/>
  <system-out><![CDATA[]]></system-out>
  <system-err><![CDATA[]]></system-err>
</testsuite>
